Visit - The Bar Crawl App/Library/Bee/Android/Prj/Mono2x/Gradle/unityLibrary/build/intermediates/manifest_merge_blame_file/release/manifest-merger-blame-release-report.txt
1<?xml version="1.0" encoding="utf-8"?>
2<manifest xmlns:android="http://schemas.android.com/apk/res/android"
3    xmlns:tools="http://schemas.android.com/tools"
4    package="com.unity3d.player"
5    android:versionCode="1"
6    android:versionName="1.1.1" >
7
8    <uses-sdk
9        android:minSdkVersion="29"
9-->src\main\AndroidManifest.xml
10        android:targetSdkVersion="30" />
10-->src\main\AndroidManifest.xml
11
12    <uses-feature android:glEsVersion="0x00030000" />
12-->src\main\AndroidManifest.xml:18:3-52
12-->src\main\AndroidManifest.xml:18:17-49
13    <uses-feature
13-->src\main\AndroidManifest.xml:19:3-91
14        android:name="android.hardware.vulkan.version"
14-->src\main\AndroidManifest.xml:19:17-63
15        android:required="false" />
15-->src\main\AndroidManifest.xml:19:64-88
16
17    <uses-permission android:name="android.permission.INTERNET" />
17-->src\main\AndroidManifest.xml:20:3-65
17-->src\main\AndroidManifest.xml:20:20-62
18    <uses-permission android:name="android.permission.ACCESS_FINE_LOCATION" />
18-->src\main\AndroidManifest.xml:21:3-77
18-->src\main\AndroidManifest.xml:21:20-74
19
20    <uses-feature
20-->src\main\AndroidManifest.xml:22:3-89
21        android:name="android.hardware.location.gps"
21-->src\main\AndroidManifest.xml:22:17-61
22        android:required="false" />
22-->src\main\AndroidManifest.xml:22:62-86
23    <uses-feature
23-->src\main\AndroidManifest.xml:23:3-85
24        android:name="android.hardware.location"
24-->src\main\AndroidManifest.xml:23:17-57
25        android:required="false" />
25-->src\main\AndroidManifest.xml:23:58-82
26    <uses-feature
26-->src\main\AndroidManifest.xml:24:3-88
27        android:name="android.hardware.touchscreen"
27-->src\main\AndroidManifest.xml:24:17-60
28        android:required="false" />
28-->src\main\AndroidManifest.xml:24:61-85
29    <uses-feature
29-->src\main\AndroidManifest.xml:25:3-99
30        android:name="android.hardware.touchscreen.multitouch"
30-->src\main\AndroidManifest.xml:25:17-71
31        android:required="false" />
31-->src\main\AndroidManifest.xml:25:72-96
32    <uses-feature
32-->src\main\AndroidManifest.xml:26:3-108
33        android:name="android.hardware.touchscreen.multitouch.distinct"
33-->src\main\AndroidManifest.xml:26:17-80
34        android:required="false" />
34-->src\main\AndroidManifest.xml:26:81-105
35
36    <application android:extractNativeLibs="true" >
36-->src\main\AndroidManifest.xml:3:3-17:17
36-->src\main\AndroidManifest.xml:3:16-48
37        <activity
37-->src\main\AndroidManifest.xml:4:5-11:16
38            android:name="com.unity3d.player.UnityPlayerActivity"
38-->src\main\AndroidManifest.xml:4:15-68
39            android:configChanges="mcc|mnc|locale|touchscreen|keyboard|keyboardHidden|navigation|orientation|screenLayout|uiMode|screenSize|smallestScreenSize|fontScale|layoutDirection|density"
39-->src\main\AndroidManifest.xml:4:180-361
40            android:hardwareAccelerated="false"
40-->src\main\AndroidManifest.xml:4:397-432
41            android:launchMode="singleTask"
41-->src\main\AndroidManifest.xml:4:148-179
42            android:resizeableActivity="false"
42-->src\main\AndroidManifest.xml:4:362-396
43            android:screenOrientation="fullUser"
43-->src\main\AndroidManifest.xml:4:111-147
44            android:theme="@style/UnityThemeSelector" >
44-->src\main\AndroidManifest.xml:4:69-110
45            <intent-filter>
45-->src\main\AndroidManifest.xml:5:7-8:23
46                <action android:name="android.intent.action.MAIN" />
46-->src\main\AndroidManifest.xml:6:9-61
46-->src\main\AndroidManifest.xml:6:17-58
47
48                <category android:name="android.intent.category.LAUNCHER" />
48-->src\main\AndroidManifest.xml:7:9-69
48-->src\main\AndroidManifest.xml:7:19-66
49            </intent-filter>
50
51            <meta-data
51-->src\main\AndroidManifest.xml:9:7-82
52                android:name="unityplayer.UnityActivity"
52-->src\main\AndroidManifest.xml:9:18-58
53                android:value="true" />
53-->src\main\AndroidManifest.xml:9:59-79
54            <meta-data
54-->src\main\AndroidManifest.xml:10:7-78
55                android:name="android.notch_support"
55-->src\main\AndroidManifest.xml:10:18-54
56                android:value="true" />
56-->src\main\AndroidManifest.xml:10:55-75
57        </activity>
58
59        <meta-data
59-->src\main\AndroidManifest.xml:12:5-69
60            android:name="unity.splash-mode"
60-->src\main\AndroidManifest.xml:12:16-48
61            android:value="0" />
61-->src\main\AndroidManifest.xml:12:49-66
62        <meta-data
62-->src\main\AndroidManifest.xml:13:5-74
63            android:name="unity.splash-enable"
63-->src\main\AndroidManifest.xml:13:16-50
64            android:value="True" />
64-->src\main\AndroidManifest.xml:13:51-71
65        <meta-data
65-->src\main\AndroidManifest.xml:14:5-78
66            android:name="unity.launch-fullscreen"
66-->src\main\AndroidManifest.xml:14:16-54
67            android:value="True" />
67-->src\main\AndroidManifest.xml:14:55-75
68        <meta-data
68-->src\main\AndroidManifest.xml:15:5-84
69            android:name="unity.allow-resizable-window"
69-->src\main\AndroidManifest.xml:15:16-59
70            android:value="False" />
70-->src\main\AndroidManifest.xml:15:60-81
71        <meta-data
71-->src\main\AndroidManifest.xml:16:5-81
72            android:name="notch.config"
72-->src\main\AndroidManifest.xml:16:16-43
73            android:value="portrait|landscape" />
73-->src\main\AndroidManifest.xml:16:44-78
74    </application>
75
76</manifest>